2019-09-03 13:17:45.514  INFO [wssacwgl,,,] 6908 --- [restartedMain] s.c.a.AnnotationConfigApplicationContext : Refreshing org.springframework.context.annotation.AnnotationConfigApplicationContext@4af08f93: startup date [Tue Sep 03 13:17:45 CST 2019]; root of context hierarchy
2019-09-03 13:17:45.607  INFO [wssacwgl,,,] 6908 --- [restartedMain] f.a.AutowiredAnnotationBeanPostProcessor : JSR-330 'javax.inject.Inject' annotation found and supported for autowiring
2019-09-03 13:17:45.611  INFO [wssacwgl,,,] 6908 --- [restartedMain] trationDelegate$BeanPostProcessorChecker : Bean 'configurationPropertiesRebinderAutoConfiguration' of type [org.springframework.cloud.autoconfigure.ConfigurationPropertiesRebinderAutoConfiguration$$EnhancerBySpringCGLIB$$9ef301f] is not eligible for getting processed by all BeanPostProcessors (for example: not eligible for auto-proxying)
2019-09-03 13:17:45.914  INFO [wssacwgl,,,] 6908 --- [restartedMain] b.c.PropertySourceBootstrapConfiguration : Located property source: CompositePropertySource {name='consul', propertySources=[ConsulPropertySource {name='config/wssacwgl::dev/'}, ConsulPropertySource {name='config/wssacwgl/'}, ConsulPropertySource {name='config/application::dev/'}, ConsulPropertySource {name='config/application/'}]}
2019-09-03 13:17:45.968  INFO [wssacwgl,,,] 6908 --- [restartedMain] com.netmarch.wssacw.WssacwglApplication  : The following profiles are active: dev
2019-09-03 13:17:45.981  INFO [wssacwgl,,,] 6908 --- [restartedMain] ConfigServletWebServerApplicationContext : Refreshing org.springframework.boot.web.servlet.context.AnnotationConfigServletWebServerApplicationContext@3147c9a4: startup date [Tue Sep 03 13:17:45 CST 2019]; parent: org.springframework.context.annotation.AnnotationConfigApplicationContext@4af08f93
2019-09-03 13:18:01.404  WARN [wssacwgl,,,] 6908 --- [restartedMain] t.m.s.mapper.ClassPathMapperScanner      : Skipping MapperFactoryBean with name 'logMapper' and 'com.netmarch.wssacw.system.mapper.LogMapper' mapperInterface. Bean already defined with the same name!
2019-09-03 13:18:01.405  WARN [wssacwgl,,,] 6908 --- [restartedMain] t.m.s.mapper.ClassPathMapperScanner      : No MyBatis mapper was found in '[com.netmarch.wssacw.config.redis, com.netmarch.wssacw]' package. Please check your configuration.
2019-09-03 13:18:01.471  WARN [wssacwgl,,,] 6908 --- [restartedMain] o.m.s.mapper.ClassPathMapperScanner      : Skipping MapperFactoryBean with name 'logMapper' and 'com.netmarch.wssacw.system.mapper.LogMapper' mapperInterface. Bean already defined with the same name!
2019-09-03 13:18:01.471  WARN [wssacwgl,,,] 6908 --- [restartedMain] o.m.s.mapper.ClassPathMapperScanner      : No MyBatis mapper was found in '[com.netmarch.wssacw.config.redis, com.netmarch.wssacw]' package. Please check your configuration.
2019-09-03 13:18:06.475  INFO [wssacwgl,,,] 6908 --- [restartedMain] o.s.cloud.context.scope.GenericScope     : BeanFactory id=937a1125-8e39-3bb2-9f52-bcb6ee14fd1e
2019-09-03 13:18:06.599  INFO [wssacwgl,,,] 6908 --- [restartedMain] f.a.AutowiredAnnotationBeanPostProcessor : JSR-330 'javax.inject.Inject' annotation found and supported for autowiring
2019-09-03 13:18:06.861  INFO [wssacwgl,,,] 6908 --- [restartedMain] trationDelegate$BeanPostProcessorChecker : Bean 'org.springframework.transaction.annotation.ProxyTransactionManagementConfiguration' of type [org.springframework.transaction.annotation.ProxyTransactionManagementConfiguration$$EnhancerBySpringCGLIB$$edd52d22] is not eligible for getting processed by all BeanPostProcessors (for example: not eligible for auto-proxying)
2019-09-03 13:18:07.133  INFO [wssacwgl,,,] 6908 --- [restartedMain] trationDelegate$BeanPostProcessorChecker : Bean 'org.springframework.cloud.autoconfigure.ConfigurationPropertiesRebinderAutoConfiguration' of type [org.springframework.cloud.autoconfigure.ConfigurationPropertiesRebinderAutoConfiguration$$EnhancerBySpringCGLIB$$9ef301f] is not eligible for getting processed by all BeanPostProcessors (for example: not eligible for auto-proxying)
2019-09-03 13:18:07.992  INFO [wssacwgl,,,] 6908 --- [restartedMain] o.s.b.w.embedded.tomcat.TomcatWebServer  : Tomcat initialized with port(s): 8089 (http)
2019-09-03 13:18:08.015  INFO [wssacwgl,,,] 6908 --- [restartedMain] o.apache.catalina.core.StandardService   : Starting service [Tomcat]
2019-09-03 13:18:08.015  INFO [wssacwgl,,,] 6908 --- [restartedMain] org.apache.catalina.core.StandardEngine  : Starting Servlet Engine: Apache Tomcat/8.5.34
2019-09-03 13:18:08.110  INFO [wssacwgl,,,] 6908 --- [localhost-startStop-1] o.a.c.c.C.[.[localhost].[/wssacwgl]      : Initializing Spring embedded WebApplicationContext
2019-09-03 13:18:08.111  INFO [wssacwgl,,,] 6908 --- [localhost-startStop-1] o.s.web.context.ContextLoader            : Root WebApplicationContext: initialization completed in 22130 ms
2019-09-03 13:18:09.124  INFO [wssacwgl,,,] 6908 --- [localhost-startStop-1] c.n.c.sources.URLConfigurationSource     : URLs to be used as dynamic configuration source: [file:/D:/Project/WJZFCPV6.0/SRC/WJZFCPV6.0/wssacwgl/wssacwgl-service/target/classes/config.properties]
2019-09-03 13:18:09.125  INFO [wssacwgl,,,] 6908 --- [localhost-startStop-1] c.netflix.config.DynamicPropertyFactory  : DynamicPropertyFactory is initialized with configuration sources: com.netflix.config.ConcurrentCompositeConfiguration@5fe33664
2019-09-03 13:18:10.578  INFO [wssacwgl,,,] 6908 --- [localhost-startStop-1] c.a.d.s.b.a.DruidDataSourceAutoConfigure : Init DruidDataSource
2019-09-03 13:18:11.001  INFO [wssacwgl,,,] 6908 --- [localhost-startStop-1] com.alibaba.druid.pool.DruidDataSource   : {dataSource-4} inited
2019-09-03 13:18:15.479  INFO [wssacwgl,,,] 6908 --- [localhost-startStop-1] o.s.b.w.servlet.FilterRegistrationBean   : Mapping filter: 'characterEncodingFilter' to: [/*]
2019-09-03 13:18:15.480  INFO [wssacwgl,,,] 6908 --- [localhost-startStop-1] o.s.b.w.servlet.FilterRegistrationBean   : Mapping filter: 'webMvcMetricsFilter' to: [/*]
2019-09-03 13:18:15.480  INFO [wssacwgl,,,] 6908 --- [localhost-startStop-1] o.s.b.w.servlet.FilterRegistrationBean   : Mapping filter: 'tracingFilter' to: [/*]
2019-09-03 13:18:15.480  INFO [wssacwgl,,,] 6908 --- [localhost-startStop-1] o.s.b.w.servlet.FilterRegistrationBean   : Mapping filter: 'exceptionLoggingFilter' to: [/*]
2019-09-03 13:18:15.480  INFO [wssacwgl,,,] 6908 --- [localhost-startStop-1] o.s.b.w.servlet.FilterRegistrationBean   : Mapping filter: 'hiddenHttpMethodFilter' to: [/*]
2019-09-03 13:18:15.480  INFO [wssacwgl,,,] 6908 --- [localhost-startStop-1] o.s.b.w.servlet.FilterRegistrationBean   : Mapping filter: 'requestContextFilter' to: [/*]
2019-09-03 13:18:15.480  INFO [wssacwgl,,,] 6908 --- [localhost-startStop-1] o.s.b.w.servlet.FilterRegistrationBean   : Mapping filter: 'httpTraceFilter' to: [/*]
2019-09-03 13:18:15.481  INFO [wssacwgl,,,] 6908 --- [localhost-startStop-1] o.s.b.w.servlet.FilterRegistrationBean   : Mapping filter: 'webStatFilter' to urls: [/*]
2019-09-03 13:18:15.481  INFO [wssacwgl,,,] 6908 --- [localhost-startStop-1] o.s.b.w.servlet.FilterRegistrationBean   : Mapping filter: 'corsFilter' to: [/*]
2019-09-03 13:18:15.481  INFO [wssacwgl,,,] 6908 --- [localhost-startStop-1] o.s.b.w.servlet.FilterRegistrationBean   : Mapping filter: 'httpPutFormContentFilter' to: [/*]
2019-09-03 13:18:15.481  INFO [wssacwgl,,,] 6908 --- [localhost-startStop-1] o.s.b.w.servlet.ServletRegistrationBean  : Servlet dispatcherServlet mapped to [/]
2019-09-03 13:18:15.482  INFO [wssacwgl,,,] 6908 --- [localhost-startStop-1] o.s.b.w.servlet.ServletRegistrationBean  : Servlet statViewServlet mapped to [/druid/*]
2019-09-03 13:18:15.482  INFO [wssacwgl,,,] 6908 --- [localhost-startStop-1] o.s.b.a.e.web.ServletEndpointRegistrar   : Registered '/actuator/hystrix.stream' to hystrix.stream-actuator-endpoint
2019-09-03 13:18:16.747  INFO [wssacwgl,,,] 6908 --- [restartedMain] c.n.wssacw.config.redis.JedisConfig      : 初始化Redis连接池JedisPool成功!地址: :6379
2019-09-03 13:18:19.409  INFO [wssacwgl,,,] 6908 --- [restartedMain] c.n.c.sources.URLConfigurationSource     : URLs to be used as dynamic configuration source: [file:/D:/Project/WJZFCPV6.0/SRC/WJZFCPV6.0/wssacwgl/wssacwgl-service/target/classes/config.properties]
2019-09-03 13:18:19.883  INFO [wssacwgl,,,] 6908 --- [restartedMain] o.s.w.s.handler.SimpleUrlHandlerMapping  : Mapped URL path [/**/favicon.ico] onto handler of type [class org.springframework.web.servlet.resource.ResourceHttpRequestHandler]
2019-09-03 13:18:21.220  INFO [wssacwgl,,,] 6908 --- [restartedMain] s.w.s.m.m.a.RequestMappingHandlerAdapter : Looking for @ControllerAdvice: org.springframework.boot.web.servlet.context.AnnotationConfigServletWebServerApplicationContext@3147c9a4: startup date [Tue Sep 03 13:17:45 CST 2019]; parent: org.springframework.context.annotation.AnnotationConfigApplicationContext@4af08f93
2019-09-03 13:18:21.463  INFO [wssacwgl,,,] 6908 --- [restartedMain] s.w.s.m.m.a.RequestMappingHandlerMapping : Mapped "{[/Ajjbqk/ajjbqk]}" onto public java.lang.String com.netmarch.wssacw.system.controller.AjjbqkController.ajjbqk(com.netmarch.wssacw.system.bean.Gj_ajjbqk,com.netmarch.wssacw.system.model.Query,org.springframework.ui.Model)
2019-09-03 13:18:21.475  INFO [wssacwgl,,,] 6908 --- [restartedMain] s.w.s.m.m.a.RequestMappingHandlerMapping : Mapped "{[/Ajjbqk/navigationBar]}" onto public java.lang.String com.netmarch.wssacw.system.controller.AjjbqkController.navigationBar(org.springframework.ui.Model,com.netmarch.wssacw.system.model.Query)
2019-09-03 13:18:21.476  INFO [wssacwgl,,,] 6908 --- [restartedMain] s.w.s.m.m.a.RequestMappingHandlerMapping : Mapped "{[/Ajjbqk/ajjbqklist || /Ajjbqk/tableList]}" onto public java.lang.String com.netmarch.wssacw.system.controller.AjjbqkController.ajjbqklist(com.netmarch.wssacw.system.bean.Gj_ajjbqk,com.netmarch.wssacw.system.model.Query,org.springframework.ui.Model)
2019-09-03 13:18:21.476  INFO [wssacwgl,,,] 6908 --- [restartedMain] s.w.s.m.m.a.RequestMappingHandlerMapping : Mapped "{[/Ajjbqk/sacwDetails || /Ajjbqk/zwxxTableList]}" onto public java.lang.String com.netmarch.wssacw.system.controller.AjjbqkController.getSacwDetails(org.springframework.ui.Model,java.lang.String,java.lang.String,java.lang.String)
2019-09-03 13:18:21.476  INFO [wssacwgl,,,] 6908 --- [restartedMain] s.w.s.m.m.a.RequestMappingHandlerMapping : Mapped "{[/Ajjbqk/exportAjjbqk]}" onto public java.lang.String com.netmarch.wssacw.system.controller.AjjbqkController.exportAjjbqk(com.netmarch.wssacw.system.model.Query)
2019-09-03 13:18:21.477  INFO [wssacwgl,,,] 6908 --- [restartedMain] s.w.s.m.m.a.RequestMappingHandlerMapping : Mapped "{[/departments/departmentsList || /departments/tableList]}" onto public java.lang.String com.netmarch.wssacw.system.controller.DepartmentsController.list(com.netmarch.wssacw.system.bean.Departments,com.netmarch.wssacw.system.model.Query,org.springframework.ui.Model)
2019-09-03 13:18:21.477  INFO [wssacwgl,,,] 6908 --- [restartedMain] s.w.s.m.m.a.RequestMappingHandlerMapping : Mapped "{[/departments/add]}" onto public util.web.JsonResult com.netmarch.wssacw.system.controller.DepartmentsController.save(com.netmarch.wssacw.system.bean.ResultBean)
2019-09-03 13:18:21.477  INFO [wssacwgl,,,] 6908 --- [restartedMain] s.w.s.m.m.a.RequestMappingHandlerMapping : Mapped "{[/departments/exportDepartments]}" onto public java.lang.String com.netmarch.wssacw.system.controller.DepartmentsController.exportDepartments(com.netmarch.wssacw.system.model.Query)
2019-09-03 13:18:21.478  INFO [wssacwgl,,,] 6908 --- [restartedMain] s.w.s.m.m.a.RequestMappingHandlerMapping : Mapped "{[/departments/edit]}" onto public util.web.JsonResult com.netmarch.wssacw.system.controller.DepartmentsController.edit(com.netmarch.wssacw.system.bean.ResultBean)
2019-09-03 13:18:21.478  INFO [wssacwgl,,,] 6908 --- [restartedMain] s.w.s.m.m.a.RequestMappingHandlerMapping : Mapped "{[/departments/toEdit],methods=[GET]}" onto public java.lang.String com.netmarch.wssacw.system.controller.DepartmentsController.toEdit(org.springframework.ui.Model,java.lang.String)
2019-09-03 13:18:21.478  INFO [wssacwgl,,,] 6908 --- [restartedMain] s.w.s.m.m.a.RequestMappingHandlerMapping : Mapped "{[/departments/delBatch]}" onto public util.web.JsonResult com.netmarch.wssacw.system.controller.DepartmentsController.delBatch(java.lang.String)
2019-09-03 13:18:21.478  INFO [wssacwgl,,,] 6908 --- [restartedMain] s.w.s.m.m.a.RequestMappingHandlerMapping : Mapped "{[/departments/toAdd]}" onto public java.lang.String com.netmarch.wssacw.system.controller.DepartmentsController.toAdd(org.springframework.ui.Model)
2019-09-03 13:18:21.480  INFO [wssacwgl,,,] 6908 --- [restartedMain] s.w.s.m.m.a.RequestMappingHandlerMapping : Mapped "{[/logout],produces=[application/json]}" onto public com.netmarch.wssacw.system.bean.LoginResult com.netmarch.wssacw.system.controller.LoginController.logout()
2019-09-03 13:18:21.480  INFO [wssacwgl,,,] 6908 --- [restartedMain] s.w.s.m.m.a.RequestMappingHandlerMapping : Mapped "{[/loginVerify],produces=[application/json]}" onto public java.lang.String com.netmarch.wssacw.system.controller.LoginController.loginVerify(org.springframework.ui.Model)
2019-09-03 13:18:21.481  INFO [wssacwgl,,,] 6908 --- [restartedMain] s.w.s.m.m.a.RequestMappingHandlerMapping : Mapped "{[/user/list || /user/tableList]}" onto public java.lang.String com.netmarch.wssacw.system.controller.LoginUserController.list(com.netmarch.wssacw.system.bean.LoginUser,com.netmarch.wssacw.system.bean.Query,org.springframework.ui.Model)
2019-09-03 13:18:21.481  INFO [wssacwgl,,,] 6908 --- [restartedMain] s.w.s.m.m.a.RequestMappingHandlerMapping : Mapped "{[/user/add],produces=[application/json]}" onto public util.web.JsonResult com.netmarch.wssacw.system.controller.LoginUserController.save(com.netmarch.wssacw.system.bean.ResultBean)
2019-09-03 13:18:21.481  INFO [wssacwgl,,,] 6908 --- [restartedMain] s.w.s.m.m.a.RequestMappingHandlerMapping : Mapped "{[/user/edit]}" onto public util.web.JsonResult com.netmarch.wssacw.system.controller.LoginUserController.edit(com.netmarch.wssacw.system.bean.ResultBean)
2019-09-03 13:18:21.482  INFO [wssacwgl,,,] 6908 --- [restartedMain] s.w.s.m.m.a.RequestMappingHandlerMapping : Mapped "{[/user/toEdit],methods=[GET],produces=[application/json]}" onto public java.lang.String com.netmarch.wssacw.system.controller.LoginUserController.toEdit(javax.servlet.http.HttpServletRequest,org.springframework.ui.Model,java.lang.String)
2019-09-03 13:18:21.482  INFO [wssacwgl,,,] 6908 --- [restartedMain] s.w.s.m.m.a.RequestMappingHandlerMapping : Mapped "{[/user/delBatch],produces=[application/json]}" onto public util.web.JsonResult com.netmarch.wssacw.system.controller.LoginUserController.delBatch(java.lang.String,java.lang.String,java.lang.String,java.lang.String)
2019-09-03 13:18:21.482  INFO [wssacwgl,,,] 6908 --- [restartedMain] s.w.s.m.m.a.RequestMappingHandlerMapping : Mapped "{[/user/exportUsers]}" onto public java.lang.String com.netmarch.wssacw.system.controller.LoginUserController.exportUsers(com.netmarch.wssacw.system.bean.Query)
2019-09-03 13:18:21.482  INFO [wssacwgl,,,] 6908 --- [restartedMain] s.w.s.m.m.a.RequestMappingHandlerMapping : Mapped "{[/user/toAdd]}" onto public java.lang.String com.netmarch.wssacw.system.controller.LoginUserController.toAdd(javax.servlet.http.HttpServletRequest,org.springframework.ui.Model)
2019-09-03 13:18:21.483  INFO [wssacwgl,,,] 6908 --- [restartedMain] s.w.s.m.m.a.RequestMappingHandlerMapping : Mapped "{[/resource/list]}" onto public java.lang.String com.netmarch.wssacw.system.controller.SysResourcesController.list(com.netmarch.wssacw.system.bean.SysResource,java.lang.String,org.springframework.ui.Model)
2019-09-03 13:18:21.483  INFO [wssacwgl,,,] 6908 --- [restartedMain] s.w.s.m.m.a.RequestMappingHandlerMapping : Mapped "{[/resource/add]}" onto public util.web.JsonResult com.netmarch.wssacw.system.controller.SysResourcesController.save(com.netmarch.wssacw.system.bean.SysResource)
2019-09-03 13:18:21.483  INFO [wssacwgl,,,] 6908 --- [restartedMain] s.w.s.m.m.a.RequestMappingHandlerMapping : Mapped "{[/resource/ztree]}" onto public java.util.List<com.netmarch.wssacw.system.bean.ZtreeObj> com.netmarch.wssacw.system.controller.SysResourcesController.getTree()
2019-09-03 13:18:21.484  INFO [wssacwgl,,,] 6908 --- [restartedMain] s.w.s.m.m.a.RequestMappingHandlerMapping : Mapped "{[/resource/edit]}" onto public util.web.JsonResult com.netmarch.wssacw.system.controller.SysResourcesController.edit(com.netmarch.wssacw.system.bean.SysResource)
2019-09-03 13:18:21.484  INFO [wssacwgl,,,] 6908 --- [restartedMain] s.w.s.m.m.a.RequestMappingHandlerMapping : Mapped "{[/resource/toEdit],methods=[GET]}" onto public java.lang.String com.netmarch.wssacw.system.controller.SysResourcesController.toEdit(org.springframework.ui.Model,java.lang.String)
2019-09-03 13:18:21.484  INFO [wssacwgl,,,] 6908 --- [restartedMain] s.w.s.m.m.a.RequestMappingHandlerMapping : Mapped "{[/resource/delBatch]}" onto public util.web.JsonResult com.netmarch.wssacw.system.controller.SysResourcesController.delBatch(java.lang.String,java.lang.Integer)
2019-09-03 13:18:21.484  INFO [wssacwgl,,,] 6908 --- [restartedMain] s.w.s.m.m.a.RequestMappingHandlerMapping : Mapped "{[/resource/toAdd]}" onto public java.lang.String com.netmarch.wssacw.system.controller.SysResourcesController.toAdd(org.springframework.ui.Model,java.lang.String)
2019-09-03 13:18:21.493  INFO [wssacwgl,,,] 6908 --- [restartedMain] s.w.s.m.m.a.RequestMappingHandlerMapping : Mapped "{[/role/list]}" onto public java.lang.String com.netmarch.wssacw.system.controller.SysRoleController.list(com.netmarch.wssacw.system.bean.SysRole,java.lang.String,org.springframework.ui.Model)
2019-09-03 13:18:21.493  INFO [wssacwgl,,,] 6908 --- [restartedMain] s.w.s.m.m.a.RequestMappingHandlerMapping : Mapped "{[/role/add]}" onto public util.web.JsonResult com.netmarch.wssacw.system.controller.SysRoleController.save(com.netmarch.wssacw.system.bean.SysRole)
2019-09-03 13:18:21.493  INFO [wssacwgl,,,] 6908 --- [restartedMain] s.w.s.m.m.a.RequestMappingHandlerMapping : Mapped "{[/role/edit]}" onto public util.web.JsonResult com.netmarch.wssacw.system.controller.SysRoleController.edit(com.netmarch.wssacw.system.bean.SysRole)
2019-09-03 13:18:21.493  INFO [wssacwgl,,,] 6908 --- [restartedMain] s.w.s.m.m.a.RequestMappingHandlerMapping : Mapped "{[/role/toEdit],methods=[GET]}" onto public java.lang.String com.netmarch.wssacw.system.controller.SysRoleController.toEdit(org.springframework.ui.Model,java.lang.Integer)
2019-09-03 13:18:21.494  INFO [wssacwgl,,,] 6908 --- [restartedMain] s.w.s.m.m.a.RequestMappingHandlerMapping : Mapped "{[/role/delBatch]}" onto public util.web.JsonResult com.netmarch.wssacw.system.controller.SysRoleController.delBatch(java.lang.String)
2019-09-03 13:18:21.494  INFO [wssacwgl,,,] 6908 --- [restartedMain] s.w.s.m.m.a.RequestMappingHandlerMapping : Mapped "{[/role/toAdd]}" onto public java.lang.String com.netmarch.wssacw.system.controller.SysRoleController.toAdd(org.springframework.ui.Model)
2019-09-03 13:18:21.494  INFO [wssacwgl,,,] 6908 --- [restartedMain] s.w.s.m.m.a.RequestMappingHandlerMapping : Mapped "{[/showPictureFromMysql],methods=[GET]}" onto public void com.netmarch.wssacw.system.controller.ZwxxController.showPictureFromMysql(byte[],java.lang.String)
2019-09-03 13:18:21.494  INFO [wssacwgl,,,] 6908 --- [restartedMain] s.w.s.m.m.a.RequestMappingHandlerMapping : Mapped "{[/saveAddZwxx],methods=[POST]}" onto public util.web.JsonResult com.netmarch.wssacw.system.controller.ZwxxController.saveAddZwxx(com.netmarch.wssacw.system.bean.Zwxxb,org.springframework.web.multipart.MultipartFile[])
2019-09-03 13:18:21.495  INFO [wssacwgl,,,] 6908 --- [restartedMain] s.w.s.m.m.a.RequestMappingHandlerMapping : Mapped "{[/addZwxx]}" onto public java.lang.String com.netmarch.wssacw.system.controller.ZwxxController.addZwxx(javax.servlet.http.HttpServletRequest,com.netmarch.wssacw.system.bean.Zwxxb,org.springframework.ui.Model)
2019-09-03 13:18:21.495  INFO [wssacwgl,,,] 6908 --- [restartedMain] s.w.s.m.m.a.RequestMappingHandlerMapping : Mapped "{[/editZwxx]}" onto public java.lang.String com.netmarch.wssacw.system.controller.ZwxxController.editZwxx(org.springframework.ui.Model)
2019-09-03 13:18:21.495  INFO [wssacwgl,,,] 6908 --- [restartedMain] s.w.s.m.m.a.RequestMappingHandlerMapping : Mapped "{[/delZwxx]}" onto public util.web.JsonResult com.netmarch.wssacw.system.controller.ZwxxController.delZwxx(javax.servlet.http.HttpServletRequest,java.lang.String)
2019-09-03 13:18:21.495  INFO [wssacwgl,,,] 6908 --- [restartedMain] s.w.s.m.m.a.RequestMappingHandlerMapping : Mapped "{[/deleteUplodImg]}" onto public util.web.JsonResult com.netmarch.wssacw.system.controller.ZwxxController.deleteUplodImg(javax.servlet.http.HttpServletRequest,java.lang.String)
2019-09-03 13:18:21.498  INFO [wssacwgl,,,] 6908 --- [restartedMain] s.w.s.m.m.a.RequestMappingHandlerMapping : Mapped "{[/error]}" onto public org.springframework.http.ResponseEntity<java.util.Map<java.lang.String, java.lang.Object>> org.springframework.boot.autoconfigure.web.servlet.error.BasicErrorController.error(javax.servlet.http.HttpServletRequest)
2019-09-03 13:18:21.498  INFO [wssacwgl,,,] 6908 --- [restartedMain] s.w.s.m.m.a.RequestMappingHandlerMapping : Mapped "{[/error],produces=[text/html]}" onto public org.springframework.web.servlet.ModelAndView org.springframework.boot.autoconfigure.web.servlet.error.BasicErrorController.errorHtml(javax.servlet.http.HttpServletRequest,javax.servlet.http.HttpServletResponse)
2019-09-03 13:18:21.651  INFO [wssacwgl,,,] 6908 --- [restartedMain] o.s.w.s.handler.SimpleUrlHandlerMapping  : Mapped URL path [/wssacwgl/] onto handler of type [class org.springframework.web.servlet.mvc.ParameterizableViewController]
2019-09-03 13:18:21.740  INFO [wssacwgl,,,] 6908 --- [restartedMain] o.s.w.s.handler.SimpleUrlHandlerMapping  : Mapped URL path [/webjars/**] onto handler of type [class org.springframework.web.servlet.resource.ResourceHttpRequestHandler]
2019-09-03 13:18:21.740  INFO [wssacwgl,,,] 6908 --- [restartedMain] o.s.w.s.handler.SimpleUrlHandlerMapping  : Mapped URL path [/statis/**] onto handler of type [class org.springframework.web.servlet.resource.ResourceHttpRequestHandler]
2019-09-03 13:18:21.740  INFO [wssacwgl,,,] 6908 --- [restartedMain] o.s.w.s.handler.SimpleUrlHandlerMapping  : Mapped URL path [/static/**] onto handler of type [class org.springframework.web.servlet.resource.ResourceHttpRequestHandler]
2019-09-03 13:18:21.740  INFO [wssacwgl,,,] 6908 --- [restartedMain] o.s.w.s.handler.SimpleUrlHandlerMapping  : Mapped URL path [/templates/**] onto handler of type [class org.springframework.web.servlet.resource.ResourceHttpRequestHandler]
2019-09-03 13:18:21.740  INFO [wssacwgl,,,] 6908 --- [restartedMain] o.s.w.s.handler.SimpleUrlHandlerMapping  : Mapped URL path [/resource/**] onto handler of type [class org.springframework.web.servlet.resource.ResourceHttpRequestHandler]
2019-09-03 13:18:22.602  INFO [wssacwgl,,,] 6908 --- [restartedMain] o.s.b.a.w.s.WelcomePageHandlerMapping    : Adding welcome page template: index
2019-09-03 13:18:22.812  INFO [wssacwgl,,,] 6908 --- [restartedMain] t.m.m.autoconfigure.MapperCacheDisabler  : Clear tk.mybatis.mapper.util.MsUtil CLASS_CACHE cache.
2019-09-03 13:18:22.812  INFO [wssacwgl,,,] 6908 --- [restartedMain] t.m.m.autoconfigure.MapperCacheDisabler  : Clear tk.mybatis.mapper.genid.GenIdUtil CACHE cache.
2019-09-03 13:18:22.812  INFO [wssacwgl,,,] 6908 --- [restartedMain] t.m.m.autoconfigure.MapperCacheDisabler  : Clear tk.mybatis.mapper.version.VersionUtil CACHE cache.
2019-09-03 13:18:22.812  INFO [wssacwgl,,,] 6908 --- [restartedMain] t.m.m.autoconfigure.MapperCacheDisabler  : Clear EntityHelper entityTableMap cache.
2019-09-03 13:18:34.789  WARN [wssacwgl,,,] 6908 --- [restartedMain] o.s.b.d.a.OptionalLiveReloadServer       : Unable to start LiveReload server
2019-09-03 13:18:34.895  INFO [wssacwgl,,,] 6908 --- [restartedMain] o.s.s.c.ThreadPoolTaskScheduler          : Initializing ExecutorService 'catalogWatchTaskScheduler'
2019-09-03 13:18:36.979  INFO [wssacwgl,,,] 6908 --- [restartedMain] o.s.s.c.ThreadPoolTaskScheduler          : Initializing ExecutorService 'configWatchTaskScheduler'
2019-09-03 13:18:38.522  INFO [wssacwgl,,,] 6908 --- [restartedMain] o.s.b.a.e.web.EndpointLinksResolver      : Exposing 21 endpoint(s) beneath base path '/actuator'
2019-09-03 13:18:38.528  INFO [wssacwgl,,,] 6908 --- [restartedMain] s.b.a.e.w.s.WebMvcEndpointHandlerMapping : Mapped "{[/actuator/archaius],methods=[GET],produces=[application/vnd.spring-boot.actuator.v2+json || application/json]}" onto public java.lang.Object org.springframework.boot.actuate.endpoint.web.servlet.AbstractWebMvcEndpointHandlerMapping$OperationHandler.handle(javax.servlet.http.HttpServletRequest,java.util.Map<java.lang.String, java.lang.String>)
2019-09-03 13:18:38.542  INFO [wssacwgl,,,] 6908 --- [restartedMain] s.b.a.e.w.s.WebMvcEndpointHandlerMapping : Mapped "{[/actuator/auditevents],methods=[GET],produces=[application/vnd.spring-boot.actuator.v2+json || application/json]}" onto public java.lang.Object org.springframework.boot.actuate.endpoint.web.servlet.AbstractWebMvcEndpointHandlerMapping$OperationHandler.handle(javax.servlet.http.HttpServletRequest,java.util.Map<java.lang.String, java.lang.String>)
2019-09-03 13:18:38.542  INFO [wssacwgl,,,] 6908 --- [restartedMain] s.b.a.e.w.s.WebMvcEndpointHandlerMapping : Mapped "{[/actuator/beans],methods=[GET],produces=[application/vnd.spring-boot.actuator.v2+json || application/json]}" onto public java.lang.Object org.springframework.boot.actuate.endpoint.web.servlet.AbstractWebMvcEndpointHandlerMapping$OperationHandler.handle(javax.servlet.http.HttpServletRequest,java.util.Map<java.lang.String, java.lang.String>)
2019-09-03 13:18:38.542  INFO [wssacwgl,,,] 6908 --- [restartedMain] s.b.a.e.w.s.WebMvcEndpointHandlerMapping : Mapped "{[/actuator/health],methods=[GET],produces=[application/vnd.spring-boot.actuator.v2+json || application/json]}" onto public java.lang.Object org.springframework.boot.actuate.endpoint.web.servlet.AbstractWebMvcEndpointHandlerMapping$OperationHandler.handle(javax.servlet.http.HttpServletRequest,java.util.Map<java.lang.String, java.lang.String>)
2019-09-03 13:18:38.542  INFO [wssacwgl,,,] 6908 --- [restartedMain] s.b.a.e.w.s.WebMvcEndpointHandlerMapping : Mapped "{[/actuator/conditions],methods=[GET],produces=[application/vnd.spring-boot.actuator.v2+json || application/json]}" onto public java.lang.Object org.springframework.boot.actuate.endpoint.web.servlet.AbstractWebMvcEndpointHandlerMapping$OperationHandler.handle(javax.servlet.http.HttpServletRequest,java.util.Map<java.lang.String, java.lang.String>)
2019-09-03 13:18:38.542  INFO [wssacwgl,,,] 6908 --- [restartedMain] s.b.a.e.w.s.WebMvcEndpointHandlerMapping : Mapped "{[/actuator/configprops],methods=[GET],produces=[application/vnd.spring-boot.actuator.v2+json || application/json]}" onto public java.lang.Object org.springframework.boot.actuate.endpoint.web.servlet.AbstractWebMvcEndpointHandlerMapping$OperationHandler.handle(javax.servlet.http.HttpServletRequest,java.util.Map<java.lang.String, java.lang.String>)
2019-09-03 13:18:38.543  INFO [wssacwgl,,,] 6908 --- [restartedMain] s.b.a.e.w.s.WebMvcEndpointHandlerMapping : Mapped "{[/actuator/env],methods=[GET],produces=[application/vnd.spring-boot.actuator.v2+json || application/json]}" onto public java.lang.Object org.springframework.boot.actuate.endpoint.web.servlet.AbstractWebMvcEndpointHandlerMapping$OperationHandler.handle(javax.servlet.http.HttpServletRequest,java.util.Map<java.lang.String, java.lang.String>)
2019-09-03 13:18:38.543  INFO [wssacwgl,,,] 6908 --- [restartedMain] s.b.a.e.w.s.WebMvcEndpointHandlerMapping : Mapped "{[/actuator/env/{toMatch}],methods=[GET],produces=[application/vnd.spring-boot.actuator.v2+json || application/json]}" onto public java.lang.Object org.springframework.boot.actuate.endpoint.web.servlet.AbstractWebMvcEndpointHandlerMapping$OperationHandler.handle(javax.servlet.http.HttpServletRequest,java.util.Map<java.lang.String, java.lang.String>)
2019-09-03 13:18:38.545  INFO [wssacwgl,,,] 6908 --- [restartedMain] s.b.a.e.w.s.WebMvcEndpointHandlerMapping : Mapped "{[/actuator/env],methods=[POST],consumes=[application/vnd.spring-boot.actuator.v2+json || application/json],produces=[application/vnd.spring-boot.actuator.v2+json || application/json]}" onto public java.lang.Object org.springframework.boot.actuate.endpoint.web.servlet.AbstractWebMvcEndpointHandlerMapping$OperationHandler.handle(javax.servlet.http.HttpServletRequest,java.util.Map<java.lang.String, java.lang.String>)
2019-09-03 13:18:38.545  INFO [wssacwgl,,,] 6908 --- [restartedMain] s.b.a.e.w.s.WebMvcEndpointHandlerMapping : Mapped "{[/actuator/env],methods=[DELETE],produces=[application/vnd.spring-boot.actuator.v2+json || application/json]}" onto public java.lang.Object org.springframework.boot.actuate.endpoint.web.servlet.AbstractWebMvcEndpointHandlerMapping$OperationHandler.handle(javax.servlet.http.HttpServletRequest,java.util.Map<java.lang.String, java.lang.String>)
2019-09-03 13:18:38.545  INFO [wssacwgl,,,] 6908 --- [restartedMain] s.b.a.e.w.s.WebMvcEndpointHandlerMapping : Mapped "{[/actuator/info],methods=[GET],produces=[application/vnd.spring-boot.actuator.v2+json || application/json]}" onto public java.lang.Object org.springframework.boot.actuate.endpoint.web.servlet.AbstractWebMvcEndpointHandlerMapping$OperationHandler.handle(javax.servlet.http.HttpServletRequest,java.util.Map<java.lang.String, java.lang.String>)
2019-09-03 13:18:38.546  INFO [wssacwgl,,,] 6908 --- [restartedMain] s.b.a.e.w.s.WebMvcEndpointHandlerMapping : Mapped "{[/actuator/logfile],methods=[GET],produces=[application/octet-stream]}" onto public java.lang.Object org.springframework.boot.actuate.endpoint.web.servlet.AbstractWebMvcEndpointHandlerMapping$OperationHandler.handle(javax.servlet.http.HttpServletRequest,java.util.Map<java.lang.String, java.lang.String>)
2019-09-03 13:18:38.547  INFO [wssacwgl,,,] 6908 --- [restartedMain] s.b.a.e.w.s.WebMvcEndpointHandlerMapping : Mapped "{[/actuator/loggers],methods=[GET],produces=[application/vnd.spring-boot.actuator.v2+json || application/json]}" onto public java.lang.Object org.springframework.boot.actuate.endpoint.web.servlet.AbstractWebMvcEndpointHandlerMapping$OperationHandler.handle(javax.servlet.http.HttpServletRequest,java.util.Map<java.lang.String, java.lang.String>)
2019-09-03 13:18:38.548  INFO [wssacwgl,,,] 6908 --- [restartedMain] s.b.a.e.w.s.WebMvcEndpointHandlerMapping : Mapped "{[/actuator/loggers/{name}],methods=[GET],produces=[application/vnd.spring-boot.actuator.v2+json || application/json]}" onto public java.lang.Object org.springframework.boot.actuate.endpoint.web.servlet.AbstractWebMvcEndpointHandlerMapping$OperationHandler.handle(javax.servlet.http.HttpServletRequest,java.util.Map<java.lang.String, java.lang.String>)
2019-09-03 13:18:38.548  INFO [wssacwgl,,,] 6908 --- [restartedMain] s.b.a.e.w.s.WebMvcEndpointHandlerMapping : Mapped "{[/actuator/loggers/{name}],methods=[POST],consumes=[application/vnd.spring-boot.actuator.v2+json || application/json]}" onto public java.lang.Object org.springframework.boot.actuate.endpoint.web.servlet.AbstractWebMvcEndpointHandlerMapping$OperationHandler.handle(javax.servlet.http.HttpServletRequest,java.util.Map<java.lang.String, java.lang.String>)
2019-09-03 13:18:38.548  INFO [wssacwgl,,,] 6908 --- [restartedMain] s.b.a.e.w.s.WebMvcEndpointHandlerMapping : Mapped "{[/actuator/heapdump],methods=[GET],produces=[application/octet-stream]}" onto public java.lang.Object org.springframework.boot.actuate.endpoint.web.servlet.AbstractWebMvcEndpointHandlerMapping$OperationHandler.handle(javax.servlet.http.HttpServletRequest,java.util.Map<java.lang.String, java.lang.String>)
2019-09-03 13:18:38.548  INFO [wssacwgl,,,] 6908 --- [restartedMain] s.b.a.e.w.s.WebMvcEndpointHandlerMapping : Mapped "{[/actuator/threaddump],methods=[GET],produces=[application/vnd.spring-boot.actuator.v2+json || application/json]}" onto public java.lang.Object org.springframework.boot.actuate.endpoint.web.servlet.AbstractWebMvcEndpointHandlerMapping$OperationHandler.handle(javax.servlet.http.HttpServletRequest,java.util.Map<java.lang.String, java.lang.String>)
2019-09-03 13:18:38.549  INFO [wssacwgl,,,] 6908 --- [restartedMain] s.b.a.e.w.s.WebMvcEndpointHandlerMapping : Mapped "{[/actuator/metrics/{requiredMetricName}],methods=[GET],produces=[application/vnd.spring-boot.actuator.v2+json || application/json]}" onto public java.lang.Object org.springframework.boot.actuate.endpoint.web.servlet.AbstractWebMvcEndpointHandlerMapping$OperationHandler.handle(javax.servlet.http.HttpServletRequest,java.util.Map<java.lang.String, java.lang.String>)
2019-09-03 13:18:38.549  INFO [wssacwgl,,,] 6908 --- [restartedMain] s.b.a.e.w.s.WebMvcEndpointHandlerMapping : Mapped "{[/actuator/metrics],methods=[GET],produces=[application/vnd.spring-boot.actuator.v2+json || application/json]}" onto public java.lang.Object org.springframework.boot.actuate.endpoint.web.servlet.AbstractWebMvcEndpointHandlerMapping$OperationHandler.handle(javax.servlet.http.HttpServletRequest,java.util.Map<java.lang.String, java.lang.String>)
2019-09-03 13:18:38.557  INFO [wssacwgl,,,] 6908 --- [restartedMain] s.b.a.e.w.s.WebMvcEndpointHandlerMapping : Mapped "{[/actuator/scheduledtasks],methods=[GET],produces=[application/vnd.spring-boot.actuator.v2+json || application/json]}" onto public java.lang.Object org.springframework.boot.actuate.endpoint.web.servlet.AbstractWebMvcEndpointHandlerMapping$OperationHandler.handle(javax.servlet.http.HttpServletRequest,java.util.Map<java.lang.String, java.lang.String>)
2019-09-03 13:18:38.557  INFO [wssacwgl,,,] 6908 --- [restartedMain] s.b.a.e.w.s.WebMvcEndpointHandlerMapping : Mapped "{[/actuator/httptrace],methods=[GET],produces=[application/vnd.spring-boot.actuator.v2+json || application/json]}" onto public java.lang.Object org.springframework.boot.actuate.endpoint.web.servlet.AbstractWebMvcEndpointHandlerMapping$OperationHandler.handle(javax.servlet.http.HttpServletRequest,java.util.Map<java.lang.String, java.lang.String>)
2019-09-03 13:18:38.558  INFO [wssacwgl,,,] 6908 --- [restartedMain] s.b.a.e.w.s.WebMvcEndpointHandlerMapping : Mapped "{[/actuator/mappings],methods=[GET],produces=[application/vnd.spring-boot.actuator.v2+json || application/json]}" onto public java.lang.Object org.springframework.boot.actuate.endpoint.web.servlet.AbstractWebMvcEndpointHandlerMapping$OperationHandler.handle(javax.servlet.http.HttpServletRequest,java.util.Map<java.lang.String, java.lang.String>)
2019-09-03 13:18:38.558  INFO [wssacwgl,,,] 6908 --- [restartedMain] s.b.a.e.w.s.WebMvcEndpointHandlerMapping : Mapped "{[/actuator/refresh],methods=[POST],produces=[application/vnd.spring-boot.actuator.v2+json || application/json]}" onto public java.lang.Object org.springframework.boot.actuate.endpoint.web.servlet.AbstractWebMvcEndpointHandlerMapping$OperationHandler.handle(javax.servlet.http.HttpServletRequest,java.util.Map<java.lang.String, java.lang.String>)
2019-09-03 13:18:38.558  INFO [wssacwgl,,,] 6908 --- [restartedMain] s.b.a.e.w.s.WebMvcEndpointHandlerMapping : Mapped "{[/actuator/features],methods=[GET],produces=[application/vnd.spring-boot.actuator.v2+json || application/json]}" onto public java.lang.Object org.springframework.boot.actuate.endpoint.web.servlet.AbstractWebMvcEndpointHandlerMapping$OperationHandler.handle(javax.servlet.http.HttpServletRequest,java.util.Map<java.lang.String, java.lang.String>)
2019-09-03 13:18:38.558  INFO [wssacwgl,,,] 6908 --- [restartedMain] s.b.a.e.w.s.WebMvcEndpointHandlerMapping : Mapped "{[/actuator/service-registry],methods=[GET],produces=[application/vnd.spring-boot.actuator.v2+json || application/json]}" onto public java.lang.Object org.springframework.boot.actuate.endpoint.web.servlet.AbstractWebMvcEndpointHandlerMapping$OperationHandler.handle(javax.servlet.http.HttpServletRequest,java.util.Map<java.lang.String, java.lang.String>)
2019-09-03 13:18:38.558  INFO [wssacwgl,,,] 6908 --- [restartedMain] s.b.a.e.w.s.WebMvcEndpointHandlerMapping : Mapped "{[/actuator/service-registry],methods=[POST],consumes=[application/vnd.spring-boot.actuator.v2+json || application/json],produces=[application/vnd.spring-boot.actuator.v2+json || application/json]}" onto public java.lang.Object org.springframework.boot.actuate.endpoint.web.servlet.AbstractWebMvcEndpointHandlerMapping$OperationHandler.handle(javax.servlet.http.HttpServletRequest,java.util.Map<java.lang.String, java.lang.String>)
2019-09-03 13:18:38.558  INFO [wssacwgl,,,] 6908 --- [restartedMain] s.b.a.e.w.s.WebMvcEndpointHandlerMapping : Mapped "{[/actuator/consul],methods=[GET],produces=[application/vnd.spring-boot.actuator.v2+json || application/json]}" onto public java.lang.Object org.springframework.boot.actuate.endpoint.web.servlet.AbstractWebMvcEndpointHandlerMapping$OperationHandler.handle(javax.servlet.http.HttpServletRequest,java.util.Map<java.lang.String, java.lang.String>)
2019-09-03 13:18:38.561  INFO [wssacwgl,,,] 6908 --- [restartedMain] s.b.a.e.w.s.WebMvcEndpointHandlerMapping : Mapped "{[/actuator],methods=[GET],produces=[application/vnd.spring-boot.actuator.v2+json || application/json]}" onto protected java.util.Map<java.lang.String, java.util.Map<java.lang.String, org.springframework.boot.actuate.endpoint.web.Link>> org.springframework.boot.actuate.endpoint.web.servlet.WebMvcEndpointHandlerMapping.links(javax.servlet.http.HttpServletRequest,javax.servlet.http.HttpServletResponse)
2019-09-03 13:18:38.747  INFO [wssacwgl,,,] 6908 --- [restartedMain] o.s.j.e.a.AnnotationMBeanExporter        : Registering beans for JMX exposure on startup
2019-09-03 13:18:38.747  INFO [wssacwgl,,,] 6908 --- [restartedMain] o.s.j.e.a.AnnotationMBeanExporter        : Bean with name 'fdfsConnectionPool' has been autodetected for JMX exposure
2019-09-03 13:18:38.747  INFO [wssacwgl,,,] 6908 --- [restartedMain] o.s.j.e.a.AnnotationMBeanExporter        : Bean with name 'statFilter' has been autodetected for JMX exposure
2019-09-03 13:18:38.747  INFO [wssacwgl,,,] 6908 --- [restartedMain] o.s.j.e.a.AnnotationMBeanExporter        : Bean with name 'dataSource' has been autodetected for JMX exposure
2019-09-03 13:18:38.751  INFO [wssacwgl,,,] 6908 --- [restartedMain] o.s.j.e.a.AnnotationMBeanExporter        : Bean with name 'environmentManager' has been autodetected for JMX exposure
2019-09-03 13:18:38.752  INFO [wssacwgl,,,] 6908 --- [restartedMain] o.s.j.e.a.AnnotationMBeanExporter        : Bean with name 'refreshScope' has been autodetected for JMX exposure
2019-09-03 13:18:38.754  INFO [wssacwgl,,,] 6908 --- [restartedMain] o.s.j.e.a.AnnotationMBeanExporter        : Bean with name 'configurationPropertiesRebinder' has been autodetected for JMX exposure
2019-09-03 13:18:38.766  INFO [wssacwgl,,,] 6908 --- [restartedMain] o.s.j.e.a.AnnotationMBeanExporter        : Located managed bean 'environmentManager': registering with JMX server as MBean [org.springframework.cloud.context.environment:name=environmentManager,type=EnvironmentManager]
2019-09-03 13:18:38.768  INFO [wssacwgl,,,] 6908 --- [restartedMain] o.s.j.e.a.AnnotationMBeanExporter        : Located MBean 'fdfsConnectionPool': registering with JMX server as MBean [com.github.tobato.fastdfs.conn:name=fdfsConnectionPool,type=FdfsConnectionPool]
2019-09-03 13:18:38.770  INFO [wssacwgl,,,] 6908 --- [restartedMain] o.s.j.e.a.AnnotationMBeanExporter        : Located managed bean 'refreshScope': registering with JMX server as MBean [org.springframework.cloud.context.scope.refresh:name=refreshScope,type=RefreshScope]
2019-09-03 13:18:38.772  INFO [wssacwgl,,,] 6908 --- [restartedMain] o.s.j.e.a.AnnotationMBeanExporter        : Located managed bean 'configurationPropertiesRebinder': registering with JMX server as MBean [org.springframework.cloud.context.properties:name=configurationPropertiesRebinder,type=ConfigurationPropertiesRebinder]
2019-09-03 13:18:38.775  INFO [wssacwgl,,,] 6908 --- [restartedMain] o.s.j.e.a.AnnotationMBeanExporter        : Located MBean 'dataSource': registering with JMX server as MBean [com.alibaba.druid.spring.boot.autoconfigure:name=dataSource,type=DruidDataSourceWrapper]
2019-09-03 13:18:38.777  INFO [wssacwgl,,,] 6908 --- [restartedMain] o.s.j.e.a.AnnotationMBeanExporter        : Located MBean 'statFilter': registering with JMX server as MBean [com.alibaba.druid.filter.stat:name=statFilter,type=StatFilter]
2019-09-03 13:18:38.860  INFO [wssacwgl,,,] 6908 --- [restartedMain] o.s.c.support.DefaultLifecycleProcessor  : Starting beans in phase 0
2019-09-03 13:18:38.884  INFO [wssacwgl,,,] 6908 --- [restartedMain] o.s.b.w.embedded.tomcat.TomcatWebServer  : Tomcat started on port(s): 8089 (http) with context path '/wssacwgl'
2019-09-03 13:18:38.884  INFO [wssacwgl,,,] 6908 --- [restartedMain] o.s.c.c.s.ConsulServiceRegistry          : Registering service with consul: NewService{id='wssacwgl-172-16-11-251-8089', name='wssacwgl', tags=[secure=false, contextPath=/wssacwgl], address='172.16.11.251', port=8089, enableTagOverride=null, check=Check{script='null', interval='10s', ttl='null', http='http://172.16.11.251:8089/wssacwgl/actuator/health', tcp='null', timeout='null', deregisterCriticalServiceAfter='null', tlsSkipVerify=null, status='null'}, checks=null}
2019-09-03 13:18:38.893  INFO [wssacwgl,,,] 6908 --- [restartedMain] com.netmarch.wssacw.WssacwglApplication  : Started WssacwglApplication in 54.075 seconds (JVM running for 7095.597)
2019-09-03 13:18:38.900  INFO [wssacwgl,,,] 6908 --- [restartedMain] .ConditionEvaluationDeltaLoggingListener : Condition evaluation delta:


==========================
CONDITION EVALUATION DELTA
==========================


Positive matches:
-----------------

   LogFileWebEndpointAutoConfiguration#logFileWebEndpoint matched:
      - Log File found logging.file wssacwgl/logs/logs.log (LogFileWebEndpointAutoConfiguration.LogFileCondition)
      - @ConditionalOnMissingBean (types: org.springframework.boot.actuate.logging.LogFileWebEndpoint; SearchStrategy: all) did not find any beans (OnBeanCondition)


Negative matches:
-----------------

    None


Exclusions:
-----------

    None


Unconditional classes:
----------------------

    None



2019-09-03 13:18:44.300  INFO [wssacwgl,,,] 6908 --- [http-nio-8089-exec-1] o.a.c.c.C.[.[localhost].[/wssacwgl]      : Initializing Spring FrameworkServlet 'dispatcherServlet'
2019-09-03 13:18:44.303  INFO [wssacwgl,,,] 6908 --- [http-nio-8089-exec-1] o.s.web.servlet.DispatcherServlet        : FrameworkServlet 'dispatcherServlet': initialization started
2019-09-03 13:18:44.396  INFO [wssacwgl,,,] 6908 --- [http-nio-8089-exec-1] o.s.web.servlet.DispatcherServlet        : FrameworkServlet 'dispatcherServlet': initialization completed in 93 ms
2019-09-03 13:35:41.691  INFO [wssacwgl,,,] 6908 --- [Thread-246] s.c.a.AnnotationConfigApplicationContext : Closing org.springframework.context.annotation.AnnotationConfigApplicationContext@4af08f93: startup date [Tue Sep 03 13:17:45 CST 2019]; root of context hierarchy
2019-09-03 13:35:41.713  INFO [wssacwgl,,,] 6908 --- [Thread-246] ConfigServletWebServerApplicationContext : Closing org.springframework.boot.web.servlet.context.AnnotationConfigServletWebServerApplicationContext@3147c9a4: startup date [Tue Sep 03 13:17:45 CST 2019]; parent: org.springframework.context.annotation.AnnotationConfigApplicationContext@4af08f93
2019-09-03 13:35:41.716  INFO [wssacwgl,,,] 6908 --- [Thread-246] o.s.c.support.DefaultLifecycleProcessor  : Stopping beans in phase 0
2019-09-03 13:35:41.716  INFO [wssacwgl,,,] 6908 --- [Thread-246] o.s.s.c.ThreadPoolTaskScheduler          : Shutting down ExecutorService 'configWatchTaskScheduler'
2019-09-03 13:35:41.716  INFO [wssacwgl,,,] 6908 --- [Thread-246] o.s.c.c.s.ConsulServiceRegistry          : Deregistering service with consul: wssacwgl-172-16-11-251-8089
2019-09-03 13:35:41.786  INFO [wssacwgl,,,] 6908 --- [Thread-246] o.s.s.c.ThreadPoolTaskScheduler          : Shutting down ExecutorService 'catalogWatchTaskScheduler'
2019-09-03 13:35:41.792  INFO [wssacwgl,,,] 6908 --- [Thread-246] o.s.j.e.a.AnnotationMBeanExporter        : Unregistering JMX-exposed beans on shutdown
2019-09-03 13:35:41.793  INFO [wssacwgl,,,] 6908 --- [Thread-246] o.s.j.e.a.AnnotationMBeanExporter        : Unregistering JMX-exposed beans
2019-09-03 13:35:41.793  WARN [wssacwgl,,,] 6908 --- [Thread-246] o.s.j.e.a.AnnotationMBeanExporter        : Could not unregister MBean [com.github.tobato.fastdfs.conn:name=fdfsConnectionPool,type=FdfsConnectionPool] as said MBean is not registered (perhaps already unregistered by an external process)
2019-09-03 13:35:41.797  INFO [wssacwgl,,,] 6908 --- [Thread-246] com.alibaba.druid.pool.DruidDataSource   : {dataSource-4} closed
